{"/home/administrador/Escritorio/JsProject/cards-memory/src/App.jsx": {"path":"/home/administrador/Escritorio/JsProject/cards-memory/src/App.jsx","statementMap":{"0":{"start":{"line":6,"column":2},"end":{"line":10,"column":4}}},"fnMap":{"0":{"name":"App","decl":{"start":{"line":5,"column":9},"end":{"line":5,"column":12}},"loc":{"start":{"line":5,"column":15},"end":{"line":11,"column":1}},"line":5}},"branchMap":{},"s":{"0":1},"f":{"0":1},"b":{},"_coverageSchema":"43e27e138ebf9cfc5966b082cf9a028302ed4184","hash":"c565d922b314fd680a72e7162c9bad2c3f7d04ae"}
,"/home/administrador/Escritorio/JsProject/cards-memory/src/index.jsx": {"path":"/home/administrador/Escritorio/JsProject/cards-memory/src/index.jsx","statementMap":{"0":{"start":{"line":8,"column":0},"end":{"line":13,"column":2}},"1":{"start":{"line":16,"column":0},"end":{"line":16,"column":27}}},"fnMap":{},"branchMap":{},"s":{"0":0,"1":0},"f":{},"b":{},"hash":"06f1619b6e5ff50fa88711882f33ac058d69dc9b"}
,"/home/administrador/Escritorio/JsProject/cards-memory/src/serviceWorker.js": {"path":"/home/administrador/Escritorio/JsProject/cards-memory/src/serviceWorker.js","statementMap":{"0":{"start":{"line":16,"column":20},"end":{"line":24,"column":1}},"1":{"start":{"line":27,"column":2},"end":{"line":57,"column":3}},"2":{"start":{"line":29,"column":22},"end":{"line":29,"column":75}},"3":{"start":{"line":30,"column":4},"end":{"line":35,"column":5}},"4":{"start":{"line":34,"column":6},"end":{"line":34,"column":13}},"5":{"start":{"line":37,"column":4},"end":{"line":56,"column":7}},"6":{"start":{"line":38,"column":20},"end":{"line":38,"column":65}},"7":{"start":{"line":40,"column":6},"end":{"line":55,"column":7}},"8":{"start":{"line":42,"column":8},"end":{"line":42,"column":47}},"9":{"start":{"line":46,"column":8},"end":{"line":51,"column":11}},"10":{"start":{"line":47,"column":10},"end":{"line":50,"column":12}},"11":{"start":{"line":54,"column":8},"end":{"line":54,"column":39}},"12":{"start":{"line":61,"column":2},"end":{"line":104,"column":7}},"13":{"start":{"line":64,"column":24},"end":{"line":64,"column":36}},"14":{"start":{"line":66,"column":6},"end":{"line":100,"column":8}},"15":{"start":{"line":67,"column":33},"end":{"line":67,"column":53}},"16":{"start":{"line":69,"column":8},"end":{"line":71,"column":9}},"17":{"start":{"line":70,"column":10},"end":{"line":70,"column":17}},"18":{"start":{"line":72,"column":8},"end":{"line":99,"column":10}},"19":{"start":{"line":73,"column":10},"end":{"line":98,"column":11}},"20":{"start":{"line":74,"column":12},"end":{"line":97,"column":13}},"21":{"start":{"line":78,"column":14},"end":{"line":81,"column":16}},"22":{"start":{"line":84,"column":14},"end":{"line":86,"column":15}},"23":{"start":{"line":85,"column":16},"end":{"line":85,"column":46}},"24":{"start":{"line":91,"column":14},"end":{"line":91,"column":64}},"25":{"start":{"line":94,"column":14},"end":{"line":96,"column":15}},"26":{"start":{"line":95,"column":16},"end":{"line":95,"column":47}},"27":{"start":{"line":103,"column":6},"end":{"line":103,"column":72}},"28":{"start":{"line":109,"column":2},"end":{"line":134,"column":7}},"29":{"start":{"line":114,"column":26},"end":{"line":114,"column":62}},"30":{"start":{"line":115,"column":6},"end":{"line":128,"column":7}},"31":{"start":{"line":120,"column":8},"end":{"line":124,"column":11}},"32":{"start":{"line":121,"column":10},"end":{"line":123,"column":13}},"33":{"start":{"line":122,"column":12},"end":{"line":122,"column":37}},"34":{"start":{"line":127,"column":8},"end":{"line":127,"column":39}},"35":{"start":{"line":131,"column":6},"end":{"line":133,"column":8}},"36":{"start":{"line":138,"column":2},"end":{"line":146,"column":3}},"37":{"start":{"line":139,"column":4},"end":{"line":145,"column":9}},"38":{"start":{"line":141,"column":8},"end":{"line":141,"column":34}},"39":{"start":{"line":144,"column":8},"end":{"line":144,"column":37}}},"fnMap":{"0":{"name":"register","decl":{"start":{"line":26,"column":16},"end":{"line":26,"column":24}},"loc":{"start":{"line":26,"column":33},"end":{"line":58,"column":1}},"line":26},"1":{"name":"(anonymous_1)","decl":{"start":{"line":37,"column":36},"end":{"line":37,"column":37}},"loc":{"start":{"line":37,"column":42},"end":{"line":56,"column":5}},"line":37},"2":{"name":"(anonymous_2)","decl":{"start":{"line":46,"column":43},"end":{"line":46,"column":44}},"loc":{"start":{"line":46,"column":49},"end":{"line":51,"column":9}},"line":46},"3":{"name":"registerValidSW","decl":{"start":{"line":60,"column":9},"end":{"line":60,"column":24}},"loc":{"start":{"line":60,"column":40},"end":{"line":105,"column":1}},"line":60},"4":{"name":"(anonymous_4)","decl":{"start":{"line":63,"column":10},"end":{"line":63,"column":11}},"loc":{"start":{"line":63,"column":28},"end":{"line":101,"column":5}},"line":63},"5":{"name":"(anonymous_5)","decl":{"start":{"line":66,"column":32},"end":{"line":66,"column":33}},"loc":{"start":{"line":66,"column":38},"end":{"line":100,"column":7}},"line":66},"6":{"name":"(anonymous_6)","decl":{"start":{"line":72,"column":41},"end":{"line":72,"column":42}},"loc":{"start":{"line":72,"column":47},"end":{"line":99,"column":9}},"line":72},"7":{"name":"(anonymous_7)","decl":{"start":{"line":102,"column":11},"end":{"line":102,"column":12}},"loc":{"start":{"line":102,"column":22},"end":{"line":104,"column":5}},"line":102},"8":{"name":"checkValidServiceWorker","decl":{"start":{"line":107,"column":9},"end":{"line":107,"column":32}},"loc":{"start":{"line":107,"column":48},"end":{"line":135,"column":1}},"line":107},"9":{"name":"(anonymous_9)","decl":{"start":{"line":112,"column":10},"end":{"line":112,"column":11}},"loc":{"start":{"line":112,"column":24},"end":{"line":129,"column":5}},"line":112},"10":{"name":"(anonymous_10)","decl":{"start":{"line":120,"column":43},"end":{"line":120,"column":44}},"loc":{"start":{"line":120,"column":61},"end":{"line":124,"column":9}},"line":120},"11":{"name":"(anonymous_11)","decl":{"start":{"line":121,"column":41},"end":{"line":121,"column":42}},"loc":{"start":{"line":121,"column":47},"end":{"line":123,"column":11}},"line":121},"12":{"name":"(anonymous_12)","decl":{"start":{"line":130,"column":11},"end":{"line":130,"column":12}},"loc":{"start":{"line":130,"column":17},"end":{"line":134,"column":5}},"line":130},"13":{"name":"unregister","decl":{"start":{"line":137,"column":16},"end":{"line":137,"column":26}},"loc":{"start":{"line":137,"column":29},"end":{"line":147,"column":1}},"line":137},"14":{"name":"(anonymous_14)","decl":{"start":{"line":140,"column":12},"end":{"line":140,"column":13}},"loc":{"start":{"line":140,"column":30},"end":{"line":142,"column":7}},"line":140},"15":{"name":"(anonymous_15)","decl":{"start":{"line":143,"column":13},"end":{"line":143,"column":14}},"loc":{"start":{"line":143,"column":24},"end":{"line":145,"column":7}},"line":143}},"branchMap":{"0":{"loc":{"start":{"line":17,"column":2},"end":{"line":23,"column":5}},"type":"binary-expr","locations":[{"start":{"line":17,"column":2},"end":{"line":17,"column":42}},{"start":{"line":19,"column":7},"end":{"line":19,"column":43}},{"start":{"line":21,"column":7},"end":{"line":23,"column":5}}],"line":17},"1":{"loc":{"start":{"line":27,"column":2},"end":{"line":57,"column":3}},"type":"if","locations":[{"start":{"line":27,"column":2},"end":{"line":57,"column":3}},{"start":{"line":27,"column":2},"end":{"line":57,"column":3}}],"line":27},"2":{"loc":{"start":{"line":27,"column":6},"end":{"line":27,"column":75}},"type":"binary-expr","locations":[{"start":{"line":27,"column":6},"end":{"line":27,"column":43}},{"start":{"line":27,"column":47},"end":{"line":27,"column":75}}],"line":27},"3":{"loc":{"start":{"line":30,"column":4},"end":{"line":35,"column":5}},"type":"if","locations":[{"start":{"line":30,"column":4},"end":{"line":35,"column":5}},{"start":{"line":30,"column":4},"end":{"line":35,"column":5}}],"line":30},"4":{"loc":{"start":{"line":40,"column":6},"end":{"line":55,"column":7}},"type":"if","locations":[{"start":{"line":40,"column":6},"end":{"line":55,"column":7}},{"start":{"line":40,"column":6},"end":{"line":55,"column":7}}],"line":40},"5":{"loc":{"start":{"line":69,"column":8},"end":{"line":71,"column":9}},"type":"if","locations":[{"start":{"line":69,"column":8},"end":{"line":71,"column":9}},{"start":{"line":69,"column":8},"end":{"line":71,"column":9}}],"line":69},"6":{"loc":{"start":{"line":73,"column":10},"end":{"line":98,"column":11}},"type":"if","locations":[{"start":{"line":73,"column":10},"end":{"line":98,"column":11}},{"start":{"line":73,"column":10},"end":{"line":98,"column":11}}],"line":73},"7":{"loc":{"start":{"line":74,"column":12},"end":{"line":97,"column":13}},"type":"if","locations":[{"start":{"line":74,"column":12},"end":{"line":97,"column":13}},{"start":{"line":74,"column":12},"end":{"line":97,"column":13}}],"line":74},"8":{"loc":{"start":{"line":84,"column":14},"end":{"line":86,"column":15}},"type":"if","locations":[{"start":{"line":84,"column":14},"end":{"line":86,"column":15}},{"start":{"line":84,"column":14},"end":{"line":86,"column":15}}],"line":84},"9":{"loc":{"start":{"line":84,"column":18},"end":{"line":84,"column":43}},"type":"binary-expr","locations":[{"start":{"line":84,"column":18},"end":{"line":84,"column":24}},{"start":{"line":84,"column":28},"end":{"line":84,"column":43}}],"line":84},"10":{"loc":{"start":{"line":94,"column":14},"end":{"line":96,"column":15}},"type":"if","locations":[{"start":{"line":94,"column":14},"end":{"line":96,"column":15}},{"start":{"line":94,"column":14},"end":{"line":96,"column":15}}],"line":94},"11":{"loc":{"start":{"line":94,"column":18},"end":{"line":94,"column":44}},"type":"binary-expr","locations":[{"start":{"line":94,"column":18},"end":{"line":94,"column":24}},{"start":{"line":94,"column":28},"end":{"line":94,"column":44}}],"line":94},"12":{"loc":{"start":{"line":115,"column":6},"end":{"line":128,"column":7}},"type":"if","locations":[{"start":{"line":115,"column":6},"end":{"line":128,"column":7}},{"start":{"line":115,"column":6},"end":{"line":128,"column":7}}],"line":115},"13":{"loc":{"start":{"line":116,"column":8},"end":{"line":117,"column":76}},"type":"binary-expr","locations":[{"start":{"line":116,"column":8},"end":{"line":116,"column":31}},{"start":{"line":117,"column":12},"end":{"line":117,"column":31}},{"start":{"line":117,"column":35},"end":{"line":117,"column":75}}],"line":116},"14":{"loc":{"start":{"line":138,"column":2},"end":{"line":146,"column":3}},"type":"if","locations":[{"start":{"line":138,"column":2},"end":{"line":146,"column":3}},{"start":{"line":138,"column":2},"end":{"line":146,"column":3}}],"line":138}},"s":{"0":0,"1":0,"2":0,"3":0,"4":0,"5":0,"6":0,"7":0,"8":0,"9":0,"10":0,"11":0,"12":0,"13":0,"14":0,"15":0,"16":0,"17":0,"18":0,"19":0,"20":0,"21":0,"22":0,"23":0,"24":0,"25":0,"26":0,"27":0,"28":0,"29":0,"30":0,"31":0,"32":0,"33":0,"34":0,"35":0,"36":0,"37":0,"38":0,"39":0},"f":{"0":0,"1":0,"2":0,"3":0,"4":0,"5":0,"6":0,"7":0,"8":0,"9":0,"10":0,"11":0,"12":0,"13":0,"14":0,"15":0},"b":{"0":[0,0,0],"1":[0,0],"2":[0,0],"3":[0,0],"4":[0,0],"5":[0,0],"6":[0,0],"7":[0,0],"8":[0,0],"9":[0,0],"10":[0,0],"11":[0,0],"12":[0,0],"13":[0,0,0],"14":[0,0]},"hash":"d67f4693f4377b109f11bd548fc61c817c8f421b"}
,"/home/administrador/Escritorio/JsProject/cards-memory/src/components/Header.jsx": {"path":"/home/administrador/Escritorio/JsProject/cards-memory/src/components/Header.jsx","statementMap":{"0":{"start":{"line":4,"column":15},"end":{"line":9,"column":1}},"1":{"start":{"line":5,"column":2},"end":{"line":8,"column":11}}},"fnMap":{"0":{"name":"(anonymous_0)","decl":{"start":{"line":4,"column":15},"end":{"line":4,"column":16}},"loc":{"start":{"line":5,"column":2},"end":{"line":8,"column":11}},"line":5}},"branchMap":{},"s":{"0":1,"1":1},"f":{"0":1},"b":{},"_coverageSchema":"43e27e138ebf9cfc5966b082cf9a028302ed4184","hash":"be2d33fda31fb62bbb8abde075e0bdafce03ea09"}
}
