TN:
SF:/home/administrador/Escritorio/JsProject/cards-memory/src/App.jsx
FN:5,App
FNF:1
FNH:1
FNDA:1,App
DA:6,1
LF:1
LH:1
BRF:0
BRH:0
end_of_record
TN:
SF:/home/administrador/Escritorio/JsProject/cards-memory/src/index.jsx
FNF:0
FNH:0
DA:8,0
DA:16,0
LF:2
LH:0
BRF:0
BRH:0
end_of_record
TN:
SF:/home/administrador/Escritorio/JsProject/cards-memory/src/serviceWorker.js
FN:26,register
FN:37,(anonymous_1)
FN:46,(anonymous_2)
FN:60,registerValidSW
FN:63,(anonymous_4)
FN:66,(anonymous_5)
FN:72,(anonymous_6)
FN:102,(anonymous_7)
FN:107,checkValidServiceWorker
FN:112,(anonymous_9)
FN:120,(anonymous_10)
FN:121,(anonymous_11)
FN:130,(anonymous_12)
FN:137,unregister
FN:140,(anonymous_14)
FN:143,(anonymous_15)
FNF:16
FNH:0
FNDA:0,register
FNDA:0,(anonymous_1)
FNDA:0,(anonymous_2)
FNDA:0,registerValidSW
FNDA:0,(anonymous_4)
FNDA:0,(anonymous_5)
FNDA:0,(anonymous_6)
FNDA:0,(anonymous_7)
FNDA:0,checkValidServiceWorker
FNDA:0,(anonymous_9)
FNDA:0,(anonymous_10)
FNDA:0,(anonymous_11)
FNDA:0,(anonymous_12)
FNDA:0,unregister
FNDA:0,(anonymous_14)
FNDA:0,(anonymous_15)
DA:16,0
DA:27,0
DA:29,0
DA:30,0
DA:34,0
DA:37,0
DA:38,0
DA:40,0
DA:42,0
DA:46,0
DA:47,0
DA:54,0
DA:61,0
DA:64,0
DA:66,0
DA:67,0
DA:69,0
DA:70,0
DA:72,0
DA:73,0
DA:74,0
DA:78,0
DA:84,0
DA:85,0
DA:91,0
DA:94,0
DA:95,0
DA:103,0
DA:109,0
DA:114,0
DA:115,0
DA:120,0
DA:121,0
DA:122,0
DA:127,0
DA:131,0
DA:138,0
DA:139,0
DA:141,0
DA:144,0
LF:40
LH:0
BRDA:17,0,0,0
BRDA:17,0,1,0
BRDA:17,0,2,0
BRDA:27,1,0,0
BRDA:27,1,1,0
BRDA:27,2,0,0
BRDA:27,2,1,0
BRDA:30,3,0,0
BRDA:30,3,1,0
BRDA:40,4,0,0
BRDA:40,4,1,0
BRDA:69,5,0,0
BRDA:69,5,1,0
BRDA:73,6,0,0
BRDA:73,6,1,0
BRDA:74,7,0,0
BRDA:74,7,1,0
BRDA:84,8,0,0
BRDA:84,8,1,0
BRDA:84,9,0,0
BRDA:84,9,1,0
BRDA:94,10,0,0
BRDA:94,10,1,0
BRDA:94,11,0,0
BRDA:94,11,1,0
BRDA:115,12,0,0
BRDA:115,12,1,0
BRDA:116,13,0,0
BRDA:116,13,1,0
BRDA:116,13,2,0
BRDA:138,14,0,0
BRDA:138,14,1,0
BRF:32
BRH:0
end_of_record
TN:
SF:/home/administrador/Escritorio/JsProject/cards-memory/src/components/Header.jsx
FN:4,(anonymous_0)
FNF:1
FNH:1
FNDA:1,(anonymous_0)
DA:4,1
DA:5,1
LF:2
LH:2
BRF:0
BRH:0
end_of_record
